# JRE version: OpenJDK Runtime Environment (8.0_242-b01) (build 1.8.0_242-release-1644-b01)
# Java VM: OpenJDK 64-Bit Server VM (25.242-b01 mixed mode windows-amd64 compressed oops)
Heap:
 PSYoungGen      total 406528K, used 14797K [0x00000000e0000000, 0x0000000100000000, 0x0000000100000000)
  eden space 333824K, 4% used [0x00000000e0000000,0x00000000e0e73628,0x00000000f4600000)
  from space 72704K, 0% used [0x00000000fb900000,0x00000000fb900000,0x0000000100000000)
  to   space 95232K, 0% used [0x00000000f4600000,0x00000000f4600000,0x00000000fa300000)
 ParOldGen       total 281088K, used 84827K [0x00000000a0000000, 0x00000000b1280000, 0x00000000e0000000)
  object space 281088K, 30% used [0x00000000a0000000,0x00000000a52d6cc0,0x00000000b1280000)
 Metaspace       used 97847K, capacity 102916K, committed 103424K, reserved 1138688K
  class space    used 12898K, capacity 13901K, committed 14080K, reserved 1048576K
GC Heap History (10 events):
Event: 51.658 GC heap before
{Heap before GC invocations=17 (full 4):
 PSYoungGen      total 379392K, used 26596K [0x00000000e0000000, 0x0000000100000000, 0x0000000100000000)
  eden space 352768K, 0% used [0x00000000e0000000,0x00000000e0000000,0x00000000f5880000)
  from space 26624K, 99% used [0x00000000f5880000,0x00000000f72791a8,0x00000000f7280000)
  to   space 60928K, 0% used [0x00000000fc480000,0x00000000fc480000,0x0000000100000000)
 ParOldGen       total 131072K, used 116518K [0x00000000a0000000, 0x00000000a8000000, 0x00000000e0000000)
  object space 131072K, 88% used [0x00000000a0000000,0x00000000a71c98a8,0x00000000a8000000)
 Metaspace       used 75808K, capacity 80064K, committed 80256K, reserved 1118208K
  class space    used 10493K, capacity 11314K, committed 11392K, reserved 1048576K
Event: 51.927 GC heap after
Heap after GC invocations=17 (full 4):
 PSYoungGen      total 379392K, used 0K [0x00000000e0000000, 0x0000000100000000, 0x0000000100000000)
  eden space 352768K, 0% used [0x00000000e0000000,0x00000000e0000000,0x00000000f5880000)
  from space 26624K, 0% used [0x00000000f5880000,0x00000000f5880000,0x00000000f7280000)
  to   space 60928K, 0% used [0x00000000fc480000,0x00000000fc480000,0x0000000100000000)
 ParOldGen       total 281088K, used 126743K [0x00000000a0000000, 0x00000000b1280000, 0x00000000e0000000)
  object space 281088K, 45% used [0x00000000a0000000,0x00000000a7bc5d28,0x00000000b1280000)
 Metaspace       used 75750K, capacity 79900K, committed 80256K, reserved 1118208K
  class space    used 10474K, capacity 11282K, committed 11392K, reserved 1048576K
}
Event: 5294.340 GC heap before
{Heap before GC invocations=18 (full 4):
 PSYoungGen      total 379392K, used 352768K [0x00000000e0000000, 0x0000000100000000, 0x0000000100000000)
  eden space 352768K, 100% used [0x00000000e0000000,0x00000000f5880000,0x00000000f5880000)
  from space 26624K, 0% used [0x00000000f5880000,0x00000000f5880000,0x00000000f7280000)
  to   space 60928K, 0% used [0x00000000fc480000,0x00000000fc480000,0x0000000100000000)
 ParOldGen       total 281088K, used 126743K [0x00000000a0000000, 0x00000000b1280000, 0x00000000e0000000)
  object space 281088K, 45% used [0x00000000a0000000,0x00000000a7bc5d28,0x00000000b1280000)
 Metaspace       used 80304K, capacity 84696K, committed 84992K, reserved 1122304K
  class space    used 10823K, capacity 11681K, committed 11776K, reserved 1048576K
Event: 5294.921 GC heap after
Heap after GC invocations=18 (full 4):
 PSYoungGen      total 442880K, used 59758K [0x00000000e0000000, 0x0000000100000000, 0x0000000100000000)
  eden space 381952K, 0% used [0x00000000e0000000,0x00000000e0000000,0x00000000f7500000)
  from space 60928K, 98% used [0x00000000fc480000,0x00000000ffedbba8,0x0000000100000000)
  to   space 71168K, 0% used [0x00000000f7500000,0x00000000f7500000,0x00000000fba80000)
 ParOldGen       total 281088K, used 126751K [0x00000000a0000000, 0x00000000b1280000, 0x00000000e0000000)
  object space 281088K, 45% used [0x00000000a0000000,0x00000000a7bc7d28,0x00000000b1280000)
 Metaspace       used 80304K, capacity 84696K, committed 84992K, reserved 1122304K
  class space    used 10823K, capacity 11681K, committed 11776K, reserved 1048576K
}
Event: 6873.046 GC heap before
{Heap before GC invocations=19 (full 4):
 PSYoungGen      total 442880K, used 441710K [0x00000000e0000000, 0x0000000100000000, 0x0000000100000000)
  eden space 381952K, 100% used [0x00000000e0000000,0x00000000f7500000,0x00000000f7500000)
  from space 60928K, 98% used [0x00000000fc480000,0x00000000ffedbba8,0x0000000100000000)
  to   space 71168K, 0% used [0x00000000f7500000,0x00000000f7500000,0x00000000fba80000)
 ParOldGen       total 281088K, used 126751K [0x00000000a0000000, 0x00000000b1280000, 0x00000000e0000000)
  object space 281088K, 45% used [0x00000000a0000000,0x00000000a7bc7d28,0x00000000b1280000)
 Metaspace       used 83702K, capacity 88244K, committed 88320K, reserved 1126400K
  class space    used 11149K, capacity 11988K, committed 12032K, reserved 1048576K
Event: 6873.272 GC heap after
Heap after GC invocations=19 (full 4):
 PSYoungGen      total 451584K, used 69602K [0x00000000e0000000, 0x0000000100000000, 0x0000000100000000)
  eden space 381952K, 0% used [0x00000000e0000000,0x00000000e0000000,0x00000000f7500000)
  from space 69632K, 99% used [0x00000000f7500000,0x00000000fb8f8b00,0x00000000fb900000)
  to   space 72704K, 0% used [0x00000000fb900000,0x00000000fb900000,0x0000000100000000)
 ParOldGen       total 281088K, used 161289K [0x00000000a0000000, 0x00000000b1280000, 0x00000000e0000000)
  object space 281088K, 57% used [0x00000000a0000000,0x00000000a9d826e0,0x00000000b1280000)
 Metaspace       used 83702K, capacity 88244K, committed 88320K, reserved 1126400K
  class space    used 11149K, capacity 11988K, committed 12032K, reserved 1048576K
}
Event: 6935.183 GC heap before
{Heap before GC invocations=20 (full 4):
 PSYoungGen      total 451584K, used 365365K [0x00000000e0000000, 0x0000000100000000, 0x0000000100000000)
  eden space 381952K, 77% used [0x00000000e0000000,0x00000000f20d4bf0,0x00000000f7500000)
  from space 69632K, 99% used [0x00000000f7500000,0x00000000fb8f8b00,0x00000000fb900000)
  to   space 72704K, 0% used [0x00000000fb900000,0x00000000fb900000,0x0000000100000000)
 ParOldGen       total 281088K, used 161289K [0x00000000a0000000, 0x00000000b1280000, 0x00000000e0000000)
  object space 281088K, 57% used [0x00000000a0000000,0x00000000a9d826e0,0x00000000b1280000)
 Metaspace       used 97865K, capacity 103128K, committed 103424K, reserved 1138688K
  class space    used 12939K, capacity 13969K, committed 14080K, reserved 1048576K
Event: 6935.267 GC heap after
Heap after GC invocations=20 (full 4):
 PSYoungGen      total 406528K, used 72689K [0x00000000e0000000, 0x0000000100000000, 0x0000000100000000)
  eden space 333824K, 0% used [0x00000000e0000000,0x00000000e0000000,0x00000000f4600000)
  from space 72704K, 99% used [0x00000000fb900000,0x00000000ffffc510,0x0000000100000000)
  to   space 95232K, 0% used [0x00000000f4600000,0x00000000f4600000,0x00000000fa300000)
 ParOldGen       total 281088K, used 166848K [0x00000000a0000000, 0x00000000b1280000, 0x00000000e0000000)
  object space 281088K, 59% used [0x00000000a0000000,0x00000000aa2f0018,0x00000000b1280000)
 Metaspace       used 97865K, capacity 103128K, committed 103424K, reserved 1138688K
  class space    used 12939K, capacity 13969K, committed 14080K, reserved 1048576K
}
Event: 6935.267 GC heap before
{Heap before GC invocations=21 (full 5):
 PSYoungGen      total 406528K, used 72689K [0x00000000e0000000, 0x0000000100000000, 0x0000000100000000)
  eden space 333824K, 0% used [0x00000000e0000000,0x00000000e0000000,0x00000000f4600000)
  from space 72704K, 99% used [0x00000000fb900000,0x00000000ffffc510,0x0000000100000000)
  to   space 95232K, 0% used [0x00000000f4600000,0x00000000f4600000,0x00000000fa300000)
 ParOldGen       total 281088K, used 166848K [0x00000000a0000000, 0x00000000b1280000, 0x00000000e0000000)
  object space 281088K, 59% used [0x00000000a0000000,0x00000000aa2f0018,0x00000000b1280000)
 Metaspace       used 97865K, capacity 103128K, committed 103424K, reserved 1138688K
  class space    used 12939K, capacity 13969K, committed 14080K, reserved 1048576K
Event: 6937.883 GC heap after
Heap after GC invocations=21 (full 5):
 PSYoungGen      total 406528K, used 0K [0x00000000e0000000, 0x0000000100000000, 0x0000000100000000)
  eden space 333824K, 0% used [0x00000000e0000000,0x00000000e0000000,0x00000000f4600000)
  from space 72704K, 0% used [0x00000000fb900000,0x00000000fb900000,0x0000000100000000)
  to   space 95232K, 0% used [0x00000000f4600000,0x00000000f4600000,0x00000000fa300000)
 ParOldGen       total 281088K, used 84827K [0x00000000a0000000, 0x00000000b1280000, 0x00000000e0000000)
  object space 281088K, 30% used [0x00000000a0000000,0x00000000a52d6cc0,0x00000000b1280000)
 Metaspace       used 97611K, capacity 102602K, committed 103424K, reserved 1138688K
  class space    used 12872K, capacity 13854K, committed 14080K, reserved 1048576K
}

