# JRE version: OpenJDK Runtime Environment (8.0_242-b01) (build 1.8.0_242-release-1644-b01)
# Java VM: OpenJDK 64-Bit Server VM (25.242-b01 mixed mode windows-amd64 compressed oops)
Heap:
 PSYoungGen      total 139264K, used 5245K [0x00000000e0000000, 0x00000000eb580000, 0x0000000100000000)
  eden space 128000K, 4% used [0x00000000e0000000,0x00000000e051f410,0x00000000e7d00000)
  from space 11264K, 0% used [0x00000000e7d00000,0x00000000e7d00000,0x00000000e8800000)
  to   space 12800K, 0% used [0x00000000ea900000,0x00000000ea900000,0x00000000eb580000)
 ParOldGen       total 79872K, used 18320K [0x00000000a0000000, 0x00000000a4e00000, 0x00000000e0000000)
  object space 79872K, 22% used [0x00000000a0000000,0x00000000a11e40d8,0x00000000a4e00000)
 Metaspace       used 34452K, capacity 35514K, committed 35712K, reserved 1079296K
  class space    used 4730K, capacity 4964K, committed 4992K, reserved 1048576K
GC Heap History (10 events):
Event: 11.080 GC heap before
{Heap before GC invocations=7 (full 0):
 PSYoungGen      total 75264K, used 25529K [0x00000000e0000000, 0x00000000e5600000, 0x0000000100000000)
  eden space 65536K, 25% used [0x00000000e0000000,0x00000000e104dc70,0x00000000e4000000)
  from space 9728K, 90% used [0x00000000e4a80000,0x00000000e5320820,0x00000000e5400000)
  to   space 10752K, 0% used [0x00000000e4000000,0x00000000e4000000,0x00000000e4a80000)
 ParOldGen       total 87552K, used 6352K [0x00000000a0000000, 0x00000000a5580000, 0x00000000e0000000)
  object space 87552K, 7% used [0x00000000a0000000,0x00000000a0634298,0x00000000a5580000)
 Metaspace       used 20600K, capacity 21232K, committed 21296K, reserved 1067008K
  class space    used 2956K, capacity 3172K, committed 3200K, reserved 1048576K
Event: 11.099 GC heap after
Heap after GC invocations=7 (full 0):
 PSYoungGen      total 76288K, used 4981K [0x00000000e0000000, 0x00000000e9500000, 0x0000000100000000)
  eden space 65536K, 0% used [0x00000000e0000000,0x00000000e0000000,0x00000000e4000000)
  from space 10752K, 46% used [0x00000000e4000000,0x00000000e44dd520,0x00000000e4a80000)
  to   space 10752K, 0% used [0x00000000e8a80000,0x00000000e8a80000,0x00000000e9500000)
 ParOldGen       total 87552K, used 8812K [0x00000000a0000000, 0x00000000a5580000, 0x00000000e0000000)
  object space 87552K, 10% used [0x00000000a0000000,0x00000000a089b2f8,0x00000000a5580000)
 Metaspace       used 20600K, capacity 21232K, committed 21296K, reserved 1067008K
  class space    used 2956K, capacity 3172K, committed 3200K, reserved 1048576K
}
Event: 11.099 GC heap before
{Heap before GC invocations=8 (full 1):
 PSYoungGen      total 76288K, used 4981K [0x00000000e0000000, 0x00000000e9500000, 0x0000000100000000)
  eden space 65536K, 0% used [0x00000000e0000000,0x00000000e0000000,0x00000000e4000000)
  from space 10752K, 46% used [0x00000000e4000000,0x00000000e44dd520,0x00000000e4a80000)
  to   space 10752K, 0% used [0x00000000e8a80000,0x00000000e8a80000,0x00000000e9500000)
 ParOldGen       total 87552K, used 8812K [0x00000000a0000000, 0x00000000a5580000, 0x00000000e0000000)
  object space 87552K, 10% used [0x00000000a0000000,0x00000000a089b2f8,0x00000000a5580000)
 Metaspace       used 20600K, capacity 21232K, committed 21296K, reserved 1067008K
  class space    used 2956K, capacity 3172K, committed 3200K, reserved 1048576K
Event: 11.202 GC heap after
Heap after GC invocations=8 (full 1):
 PSYoungGen      total 76288K, used 0K [0x00000000e0000000, 0x00000000e9500000, 0x0000000100000000)
  eden space 65536K, 0% used [0x00000000e0000000,0x00000000e0000000,0x00000000e4000000)
  from space 10752K, 0% used [0x00000000e4000000,0x00000000e4000000,0x00000000e4a80000)
  to   space 10752K, 0% used [0x00000000e8a80000,0x00000000e8a80000,0x00000000e9500000)
 ParOldGen       total 53248K, used 7778K [0x00000000a0000000, 0x00000000a3400000, 0x00000000e0000000)
  object space 53248K, 14% used [0x00000000a0000000,0x00000000a0798ad0,0x00000000a3400000)
 Metaspace       used 20600K, capacity 21232K, committed 21296K, reserved 1067008K
  class space    used 2956K, capacity 3172K, committed 3200K, reserved 1048576K
}
Event: 14.274 GC heap before
{Heap before GC invocations=9 (full 1):
 PSYoungGen      total 76288K, used 65536K [0x00000000e0000000, 0x00000000e9500000, 0x0000000100000000)
  eden space 65536K, 100% used [0x00000000e0000000,0x00000000e4000000,0x00000000e4000000)
  from space 10752K, 0% used [0x00000000e4000000,0x00000000e4000000,0x00000000e4a80000)
  to   space 10752K, 0% used [0x00000000e8a80000,0x00000000e8a80000,0x00000000e9500000)
 ParOldGen       total 53248K, used 7778K [0x00000000a0000000, 0x00000000a3400000, 0x00000000e0000000)
  object space 53248K, 14% used [0x00000000a0000000,0x00000000a0798ad0,0x00000000a3400000)
 Metaspace       used 28526K, capacity 29442K, committed 29696K, reserved 1075200K
  class space    used 4012K, capacity 4254K, committed 4352K, reserved 1048576K
Event: 14.312 GC heap after
Heap after GC invocations=9 (full 1):
 PSYoungGen      total 121856K, used 8392K [0x00000000e0000000, 0x00000000e9300000, 0x0000000100000000)
  eden space 113152K, 0% used [0x00000000e0000000,0x00000000e0000000,0x00000000e6e80000)
  from space 8704K, 96% used [0x00000000e8a80000,0x00000000e92b2238,0x00000000e9300000)
  to   space 11264K, 0% used [0x00000000e7d00000,0x00000000e7d00000,0x00000000e8800000)
 ParOldGen       total 53248K, used 7786K [0x00000000a0000000, 0x00000000a3400000, 0x00000000e0000000)
  object space 53248K, 14% used [0x00000000a0000000,0x00000000a079aad0,0x00000000a3400000)
 Metaspace       used 28526K, capacity 29442K, committed 29696K, reserved 1075200K
  class space    used 4012K, capacity 4254K, committed 4352K, reserved 1048576K
}
Event: 17.584 GC heap before
{Heap before GC invocations=10 (full 1):
 PSYoungGen      total 121856K, used 105436K [0x00000000e0000000, 0x00000000e9300000, 0x0000000100000000)
  eden space 113152K, 85% used [0x00000000e0000000,0x00000000e5ec4f20,0x00000000e6e80000)
  from space 8704K, 96% used [0x00000000e8a80000,0x00000000e92b2238,0x00000000e9300000)
  to   space 11264K, 0% used [0x00000000e7d00000,0x00000000e7d00000,0x00000000e8800000)
 ParOldGen       total 53248K, used 7786K [0x00000000a0000000, 0x00000000a3400000, 0x00000000e0000000)
  object space 53248K, 14% used [0x00000000a0000000,0x00000000a079aad0,0x00000000a3400000)
 Metaspace       used 34337K, capacity 35384K, committed 35456K, reserved 1079296K
  class space    used 4710K, capacity 4963K, committed 4992K, reserved 1048576K
Event: 17.611 GC heap after
Heap after GC invocations=10 (full 1):
 PSYoungGen      total 139264K, used 11245K [0x00000000e0000000, 0x00000000eb580000, 0x0000000100000000)
  eden space 128000K, 0% used [0x00000000e0000000,0x00000000e0000000,0x00000000e7d00000)
  from space 11264K, 99% used [0x00000000e7d00000,0x00000000e87fb440,0x00000000e8800000)
  to   space 12800K, 0% used [0x00000000ea900000,0x00000000ea900000,0x00000000eb580000)
 ParOldGen       total 53248K, used 8273K [0x00000000a0000000, 0x00000000a3400000, 0x00000000e0000000)
  object space 53248K, 15% used [0x00000000a0000000,0x00000000a0814470,0x00000000a3400000)
 Metaspace       used 34337K, capacity 35384K, committed 35456K, reserved 1079296K
  class space    used 4710K, capacity 4963K, committed 4992K, reserved 1048576K
}
Event: 17.611 GC heap before
{Heap before GC invocations=11 (full 2):
 PSYoungGen      total 139264K, used 11245K [0x00000000e0000000, 0x00000000eb580000, 0x0000000100000000)
  eden space 128000K, 0% used [0x00000000e0000000,0x00000000e0000000,0x00000000e7d00000)
  from space 11264K, 99% used [0x00000000e7d00000,0x00000000e87fb440,0x00000000e8800000)
  to   space 12800K, 0% used [0x00000000ea900000,0x00000000ea900000,0x00000000eb580000)
 ParOldGen       total 53248K, used 8273K [0x00000000a0000000, 0x00000000a3400000, 0x00000000e0000000)
  object space 53248K, 15% used [0x00000000a0000000,0x00000000a0814470,0x00000000a3400000)
 Metaspace       used 34337K, capacity 35384K, committed 35456K, reserved 1079296K
  class space    used 4710K, capacity 4963K, committed 4992K, reserved 1048576K
Event: 17.715 GC heap after
Heap after GC invocations=11 (full 2):
 PSYoungGen      total 139264K, used 0K [0x00000000e0000000, 0x00000000eb580000, 0x0000000100000000)
  eden space 128000K, 0% used [0x00000000e0000000,0x00000000e0000000,0x00000000e7d00000)
  from space 11264K, 0% used [0x00000000e7d00000,0x00000000e7d00000,0x00000000e8800000)
  to   space 12800K, 0% used [0x00000000ea900000,0x00000000ea900000,0x00000000eb580000)
 ParOldGen       total 79872K, used 18320K [0x00000000a0000000, 0x00000000a4e00000, 0x00000000e0000000)
  object space 79872K, 22% used [0x00000000a0000000,0x00000000a11e40d8,0x00000000a4e00000)
 Metaspace       used 34337K, capacity 35384K, committed 35456K, reserved 1079296K
  class space    used 4710K, capacity 4963K, committed 4992K, reserved 1048576K
}

